TN:
SF:index.js
FNF:0
FNH:0
DA:1,1
DA:2,1
DA:3,1
LF:3
LH:3
BRF:0
BRH:0
end_of_record
TN:
SF:lib/privateApi.js
FN:10,BitruePrivate
FN:19,Object.<anonymous>.module.exports
FN:23,Object.<anonymous>.BitruePrivate.query
FN:55,Object.<anonymous>.BitruePrivate.getQuery
FN:65,Object.<anonymous>.BitruePrivate.otherQuery
FN:79,Object.<anonymous>.BitruePrivate.getAccountInfo
FN:85,Object.<anonymous>.BitruePrivate.getBalances
FN:90,Object.<anonymous>.BitruePrivate.getFees
FN:99,Object.<anonymous>.BitruePrivate.getMyTrades
FN:105,Object.<anonymous>.BitruePrivate.getETFNetValue
FN:115,Object.<anonymous>.BitruePrivate.createOrder
FN:121,Object.<anonymous>.BitruePrivate.getOrder
FN:127,Object.<anonymous>.BitruePrivate.cancelOrder
FN:133,Object.<anonymous>.BitruePrivate.getActiveOrders
FN:139,Object.<anonymous>.BitruePrivate.getOrders
FN:149,Object.<anonymous>.BitruePrivate.withdrawCommit
FN:155,Object.<anonymous>.BitruePrivate.getWithdrawals
FN:163,Object.<anonymous>.BitruePrivate.getDeposits
FN:175,Object.<anonymous>.BitruePrivate.createListenKey
FN:182,Object.<anonymous>.BitruePrivate.pingListenKey
FN:187,Object.<anonymous>.BitruePrivate.deleteListenKey
FNF:21
FNH:0
FNDA:0,BitruePrivate
FNDA:0,Object.<anonymous>.module.exports
FNDA:0,Object.<anonymous>.BitruePrivate.query
FNDA:0,Object.<anonymous>.BitruePrivate.getQuery
FNDA:0,Object.<anonymous>.BitruePrivate.otherQuery
FNDA:0,Object.<anonymous>.BitruePrivate.getAccountInfo
FNDA:0,Object.<anonymous>.BitruePrivate.getBalances
FNDA:0,Object.<anonymous>.BitruePrivate.getFees
FNDA:0,Object.<anonymous>.BitruePrivate.getMyTrades
FNDA:0,Object.<anonymous>.BitruePrivate.getETFNetValue
FNDA:0,Object.<anonymous>.BitruePrivate.createOrder
FNDA:0,Object.<anonymous>.BitruePrivate.getOrder
FNDA:0,Object.<anonymous>.BitruePrivate.cancelOrder
FNDA:0,Object.<anonymous>.BitruePrivate.getActiveOrders
FNDA:0,Object.<anonymous>.BitruePrivate.getOrders
FNDA:0,Object.<anonymous>.BitruePrivate.withdrawCommit
FNDA:0,Object.<anonymous>.BitruePrivate.getWithdrawals
FNDA:0,Object.<anonymous>.BitruePrivate.getDeposits
FNDA:0,Object.<anonymous>.BitruePrivate.createListenKey
FNDA:0,Object.<anonymous>.BitruePrivate.pingListenKey
FNDA:0,Object.<anonymous>.BitruePrivate.deleteListenKey
DA:1,1
DA:2,1
DA:3,1
DA:4,1
DA:5,1
DA:6,1
DA:7,1
DA:8,1
DA:9,1
DA:10,1
DA:11,0
DA:12,0
DA:13,0
DA:14,0
DA:15,0
DA:16,0
DA:17,0
DA:18,1
DA:19,1
DA:20,0
DA:21,0
DA:22,1
DA:23,1
DA:24,0
DA:25,0
DA:26,0
DA:27,0
DA:28,0
DA:29,0
DA:30,0
DA:31,0
DA:32,0
DA:33,0
DA:34,0
DA:35,0
DA:36,0
DA:37,0
DA:38,0
DA:39,0
DA:40,0
DA:41,0
DA:42,0
DA:43,0
DA:44,0
DA:45,0
DA:46,0
DA:47,0
DA:48,0
DA:49,0
DA:50,0
DA:51,0
DA:52,0
DA:53,0
DA:54,1
DA:55,1
DA:56,0
DA:57,0
DA:58,0
DA:59,0
DA:60,0
DA:61,0
DA:62,0
DA:63,0
DA:64,1
DA:65,1
DA:66,0
DA:67,0
DA:68,0
DA:69,0
DA:70,0
DA:71,0
DA:72,0
DA:73,0
DA:74,1
DA:75,1
DA:76,1
DA:77,1
DA:78,1
DA:79,1
DA:80,0
DA:81,0
DA:82,0
DA:83,0
DA:84,1
DA:85,1
DA:86,0
DA:87,0
DA:88,0
DA:89,1
DA:90,1
DA:91,0
DA:92,0
DA:93,0
DA:94,0
DA:95,0
DA:96,0
DA:97,0
DA:98,1
DA:99,1
DA:100,0
DA:101,0
DA:102,0
DA:103,0
DA:104,1
DA:105,1
DA:106,0
DA:107,0
DA:108,0
DA:109,0
DA:110,1
DA:111,1
DA:112,1
DA:113,1
DA:114,1
DA:115,1
DA:116,0
DA:117,0
DA:118,0
DA:119,0
DA:120,1
DA:121,1
DA:122,0
DA:123,0
DA:124,0
DA:125,0
DA:126,1
DA:127,1
DA:128,0
DA:129,0
DA:130,0
DA:131,0
DA:132,1
DA:133,1
DA:134,0
DA:135,0
DA:136,0
DA:137,0
DA:138,1
DA:139,1
DA:140,0
DA:141,0
DA:142,0
DA:143,0
DA:144,1
DA:145,1
DA:146,1
DA:147,1
DA:148,1
DA:149,1
DA:150,0
DA:151,0
DA:152,0
DA:153,0
DA:154,1
DA:155,1
DA:156,0
DA:157,0
DA:158,0
DA:159,0
DA:160,0
DA:161,0
DA:162,1
DA:163,1
DA:164,0
DA:165,0
DA:166,0
DA:167,0
DA:168,0
DA:169,0
DA:170,1
DA:171,1
DA:172,1
DA:173,1
DA:174,1
DA:175,1
DA:176,0
DA:177,0
DA:178,0
DA:179,0
DA:180,0
DA:181,1
DA:182,1
DA:183,0
DA:184,0
DA:185,0
DA:186,1
DA:187,1
DA:188,0
DA:189,0
DA:190,0
LF:190
LH:66
BRF:0
BRH:0
end_of_record
TN:
SF:lib/publicApi.js
FN:4,BitruePublic
FN:10,Object.<anonymous>.module.exports
FN:14,Object.<anonymous>.BitruePublic.query
FN:39,Object.<anonymous>.BitruePublic.getQuery
FN:53,Object.<anonymous>.BitruePublic.getSymbols
FN:58,Object.<anonymous>.BitruePublic.getCurrencies
FN:63,Object.<anonymous>.BitruePublic.getKlines
FN:70,Object.<anonymous>.BitruePublic.getOrderBook
FN:82,Object.<anonymous>.BitruePublic.getRecentTrades
FN:89,Object.<anonymous>.BitruePublic.getHistTrades
FN:96,Object.<anonymous>.BitruePublic.getAggregatedTrades
FN:103,Object.<anonymous>.BitruePublic.getTicker
FN:111,Object.<anonymous>.BitruePublic.getLastPrice
FN:124,Object.<anonymous>.BitruePublic.getBookTicker
FN:135,Object.<anonymous>.BitruePublic.getExchangeInfo
FN:140,Object.<anonymous>.BitruePublic.getServerTime
FN:145,Object.<anonymous>.BitruePublic.sendPing
FNF:17
FNH:17
FNDA:1,BitruePublic
FNDA:1,Object.<anonymous>.module.exports
FNDA:14,Object.<anonymous>.BitruePublic.query
FNDA:14,Object.<anonymous>.BitruePublic.getQuery
FNDA:1,Object.<anonymous>.BitruePublic.getSymbols
FNDA:1,Object.<anonymous>.BitruePublic.getCurrencies
FNDA:1,Object.<anonymous>.BitruePublic.getKlines
FNDA:1,Object.<anonymous>.BitruePublic.getOrderBook
FNDA:1,Object.<anonymous>.BitruePublic.getRecentTrades
FNDA:1,Object.<anonymous>.BitruePublic.getHistTrades
FNDA:1,Object.<anonymous>.BitruePublic.getAggregatedTrades
FNDA:1,Object.<anonymous>.BitruePublic.getTicker
FNDA:3,Object.<anonymous>.BitruePublic.getLastPrice
FNDA:1,Object.<anonymous>.BitruePublic.getBookTicker
FNDA:2,Object.<anonymous>.BitruePublic.getExchangeInfo
FNDA:1,Object.<anonymous>.BitruePublic.getServerTime
FNDA:1,Object.<anonymous>.BitruePublic.sendPing
DA:1,1
DA:2,1
DA:3,1
DA:4,1
DA:5,1
DA:6,1
DA:7,1
DA:8,1
DA:9,1
DA:10,1
DA:11,1
DA:12,1
DA:13,1
DA:14,1
DA:15,14
DA:16,14
DA:17,14
DA:18,12
DA:19,14
DA:20,2
DA:21,2
DA:22,2
DA:23,2
DA:24,2
DA:25,2
DA:26,2
DA:27,2
DA:28,2
DA:29,0
DA:30,0
DA:31,0
DA:32,0
DA:33,0
DA:34,2
DA:35,2
DA:36,14
DA:37,14
DA:38,1
DA:39,1
DA:40,14
DA:41,14
DA:42,14
DA:43,14
DA:44,14
DA:45,14
DA:46,14
DA:47,14
DA:48,1
DA:49,1
DA:50,1
DA:51,1
DA:52,1
DA:53,1
DA:54,1
DA:55,1
DA:56,1
DA:57,1
DA:58,1
DA:59,1
DA:60,1
DA:61,1
DA:62,1
DA:63,1
DA:64,1
DA:65,1
DA:66,1
DA:67,1
DA:68,1
DA:69,1
DA:70,1
DA:71,1
DA:72,1
DA:73,1
DA:74,1
DA:75,1
DA:76,1
DA:77,1
DA:78,1
DA:79,1
DA:80,1
DA:81,1
DA:82,1
DA:83,1
DA:84,1
DA:85,1
DA:86,1
DA:87,1
DA:88,1
DA:89,1
DA:90,1
DA:91,1
DA:92,1
DA:93,1
DA:94,1
DA:95,1
DA:96,1
DA:97,1
DA:98,1
DA:99,1
DA:100,1
DA:101,1
DA:102,1
DA:103,1
DA:104,1
DA:105,1
DA:106,1
DA:107,1
DA:108,1
DA:109,1
DA:110,1
DA:111,1
DA:112,3
DA:113,3
DA:114,3
DA:115,3
DA:116,3
DA:117,2
DA:118,2
DA:119,2
DA:120,3
DA:121,1
DA:122,1
DA:123,1
DA:124,1
DA:125,1
DA:126,1
DA:127,1
DA:128,1
DA:129,1
DA:130,1
DA:131,1
DA:132,1
DA:133,1
DA:134,1
DA:135,1
DA:136,2
DA:137,2
DA:138,2
DA:139,1
DA:140,1
DA:141,1
DA:142,1
DA:143,1
DA:144,1
DA:145,1
DA:146,1
DA:147,1
DA:148,1
LF:148
LH:143
BRDA:4,0,0,1
BRDA:10,1,0,1
BRDA:14,2,0,14
BRDA:17,3,0,12
BRDA:19,4,0,2
BRDA:28,5,0,0
BRDA:39,6,0,14
BRDA:53,7,0,1
BRDA:58,8,0,1
BRDA:63,9,0,1
BRDA:66,10,0,3
BRDA:70,11,0,1
BRDA:74,12,0,0
BRDA:75,13,0,0
BRDA:78,14,0,2
BRDA:82,15,0,1
BRDA:85,16,0,2
BRDA:89,17,0,1
BRDA:92,18,0,2
BRDA:96,19,0,1
BRDA:99,20,0,2
BRDA:103,21,0,1
BRDA:105,22,0,0
BRDA:108,23,0,0
BRDA:106,24,0,1
BRDA:111,25,0,3
BRDA:116,26,0,2
BRDA:120,27,0,1
BRDA:114,28,0,2
BRDA:124,29,0,1
BRDA:127,30,0,1
BRDA:135,31,0,2
BRDA:140,32,0,1
BRDA:145,33,0,1
BRF:34
BRH:29
end_of_record
TN:
SF:lib/socketApi.js
FN:22,SocketClient
FN:37,_createSocket
FN:146,request
FN:163,setHandler
FN:168,clearHandler
FN:174,sendPong
FN:183,terminateSocket
FN:195,heartbeat
FN:207,BitrueSocket
FN:232,marketApi
FN:233,accountApi
FN:234,streamApi
FN:237,Object.<anonymous>.BitrueSocket.setHandler
FN:241,Object.<anonymous>.BitrueSocket.clearHandler
FN:245,Object.<anonymous>.BitrueSocket.query
FN:277,Object.<anonymous>.BitrueSocket.getQuery
FN:287,Object.<anonymous>.BitrueSocket.otherQuery
FN:303,Object.<anonymous>.BitrueSocket.subscribeOrderBook
FN:315,Object.<anonymous>.BitrueSocket.unsubscribeOrderBook
FN:329,Object.<anonymous>.BitrueSocket.createListenKey
FN:336,Object.<anonymous>.BitrueSocket.renewListenKey
FN:342,Object.<anonymous>.BitrueSocket.deleteListenKey
FN:351,Object.<anonymous>.BitrueSocket.subscribeOrderUpdates
FN:363,Object.<anonymous>.BitrueSocket.unsubscribeOrderUpdates
FN:375,Object.<anonymous>.BitrueSocket.subscribeBalanceUpdates
FN:387,Object.<anonymous>.BitrueSocket.unsubscribeBalanceUpdates
FNF:26
FNH:0
FNDA:0,SocketClient
FNDA:0,_createSocket
FNDA:0,request
FNDA:0,setHandler
FNDA:0,clearHandler
FNDA:0,sendPong
FNDA:0,terminateSocket
FNDA:0,heartbeat
FNDA:0,BitrueSocket
FNDA:0,marketApi
FNDA:0,accountApi
FNDA:0,streamApi
FNDA:0,Object.<anonymous>.BitrueSocket.setHandler
FNDA:0,Object.<anonymous>.BitrueSocket.clearHandler
FNDA:0,Object.<anonymous>.BitrueSocket.query
FNDA:0,Object.<anonymous>.BitrueSocket.getQuery
FNDA:0,Object.<anonymous>.BitrueSocket.otherQuery
FNDA:0,Object.<anonymous>.BitrueSocket.subscribeOrderBook
FNDA:0,Object.<anonymous>.BitrueSocket.unsubscribeOrderBook
FNDA:0,Object.<anonymous>.BitrueSocket.createListenKey
FNDA:0,Object.<anonymous>.BitrueSocket.renewListenKey
FNDA:0,Object.<anonymous>.BitrueSocket.deleteListenKey
FNDA:0,Object.<anonymous>.BitrueSocket.subscribeOrderUpdates
FNDA:0,Object.<anonymous>.BitrueSocket.unsubscribeOrderUpdates
FNDA:0,Object.<anonymous>.BitrueSocket.subscribeBalanceUpdates
FNDA:0,Object.<anonymous>.BitrueSocket.unsubscribeBalanceUpdates
DA:1,1
DA:2,1
DA:3,1
DA:4,1
DA:5,1
DA:6,1
DA:7,1
DA:8,1
DA:9,1
DA:10,1
DA:11,1
DA:12,1
DA:13,1
DA:14,1
DA:15,1
DA:16,1
DA:17,1
DA:18,1
DA:19,1
DA:20,1
DA:21,1
DA:22,1
DA:23,0
DA:24,0
DA:25,0
DA:26,0
DA:27,0
DA:28,0
DA:29,0
DA:30,0
DA:31,0
DA:32,0
DA:33,0
DA:34,0
DA:35,0
DA:36,1
DA:37,1
DA:38,0
DA:39,0
DA:40,0
DA:41,0
DA:42,0
DA:43,0
DA:44,0
DA:45,0
DA:46,0
DA:47,0
DA:48,0
DA:49,0
DA:50,0
DA:51,0
DA:52,0
DA:53,0
DA:54,0
DA:55,0
DA:56,0
DA:57,0
DA:58,0
DA:59,0
DA:60,0
DA:61,0
DA:62,0
DA:63,0
DA:64,0
DA:65,0
DA:66,0
DA:67,0
DA:68,0
DA:69,0
DA:70,0
DA:71,0
DA:72,0
DA:73,0
DA:74,0
DA:75,0
DA:76,0
DA:77,0
DA:78,0
DA:79,0
DA:80,0
DA:81,0
DA:82,0
DA:83,0
DA:84,0
DA:85,0
DA:86,0
DA:87,0
DA:88,0
DA:89,0
DA:90,0
DA:91,0
DA:92,0
DA:93,0
DA:94,0
DA:95,0
DA:96,0
DA:97,0
DA:98,0
DA:99,0
DA:100,0
DA:101,0
DA:102,0
DA:103,0
DA:104,0
DA:105,0
DA:106,0
DA:107,0
DA:108,0
DA:109,0
DA:110,0
DA:111,0
DA:112,0
DA:113,0
DA:114,0
DA:115,0
DA:116,0
DA:117,0
DA:118,0
DA:119,0
DA:120,0
DA:121,0
DA:122,0
DA:123,0
DA:124,0
DA:125,0
DA:126,0
DA:127,0
DA:128,0
DA:129,0
DA:130,0
DA:131,0
DA:132,0
DA:133,0
DA:134,0
DA:135,0
DA:136,0
DA:137,0
DA:138,0
DA:139,0
DA:140,0
DA:141,0
DA:142,0
DA:143,0
DA:144,0
DA:145,1
DA:146,1
DA:147,0
DA:148,0
DA:149,0
DA:150,0
DA:151,0
DA:152,0
DA:153,0
DA:154,0
DA:155,0
DA:156,0
DA:157,0
DA:158,0
DA:159,0
DA:160,0
DA:161,0
DA:162,1
DA:163,1
DA:164,0
DA:165,0
DA:166,0
DA:167,1
DA:168,1
DA:169,0
DA:170,0
DA:171,1
DA:172,1
DA:173,1
DA:174,0
DA:175,0
DA:176,0
DA:177,0
DA:178,0
DA:179,0
DA:180,0
DA:181,0
DA:182,1
DA:183,0
DA:184,0
DA:185,0
DA:186,0
DA:187,0
DA:188,0
DA:189,0
DA:190,0
DA:191,0
DA:192,0
DA:193,1
DA:194,1
DA:195,0
DA:196,0
DA:197,0
DA:198,0
DA:199,0
DA:200,0
DA:201,0
DA:202,0
DA:203,0
DA:204,0
DA:205,1
DA:206,1
DA:207,1
DA:208,0
DA:209,0
DA:210,0
DA:211,0
DA:212,0
DA:213,0
DA:214,0
DA:215,0
DA:216,0
DA:217,0
DA:218,0
DA:219,0
DA:220,0
DA:221,0
DA:222,0
DA:223,0
DA:224,0
DA:225,0
DA:226,0
DA:227,0
DA:228,0
DA:229,0
DA:230,1
DA:231,1
DA:232,1
DA:233,1
DA:234,1
DA:235,1
DA:236,1
DA:237,1
DA:238,0
DA:239,0
DA:240,1
DA:241,1
DA:242,0
DA:243,0
DA:244,1
DA:245,1
DA:246,0
DA:247,0
DA:248,0
DA:249,0
DA:250,0
DA:251,0
DA:252,0
DA:253,0
DA:254,0
DA:255,0
DA:256,0
DA:257,0
DA:258,0
DA:259,0
DA:260,0
DA:261,0
DA:262,0
DA:263,0
DA:264,0
DA:265,0
DA:266,0
DA:267,0
DA:268,0
DA:269,0
DA:270,0
DA:271,0
DA:272,0
DA:273,0
DA:274,0
DA:275,0
DA:276,1
DA:277,1
DA:278,0
DA:279,0
DA:280,0
DA:281,0
DA:282,0
DA:283,0
DA:284,0
DA:285,0
DA:286,1
DA:287,1
DA:288,0
DA:289,0
DA:290,0
DA:291,0
DA:292,0
DA:293,0
DA:294,0
DA:295,0
DA:296,1
DA:297,1
DA:298,1
DA:299,1
DA:300,1
DA:301,1
DA:302,1
DA:303,1
DA:304,0
DA:305,0
DA:306,0
DA:307,0
DA:308,0
DA:309,0
DA:310,0
DA:311,0
DA:312,0
DA:313,0
DA:314,1
DA:315,1
DA:316,0
DA:317,0
DA:318,0
DA:319,0
DA:320,0
DA:321,0
DA:322,0
DA:323,0
DA:324,0
DA:325,0
DA:326,1
DA:327,1
DA:328,1
DA:329,1
DA:330,0
DA:331,0
DA:332,0
DA:333,0
DA:334,0
DA:335,1
DA:336,1
DA:337,0
DA:338,0
DA:339,0
DA:340,0
DA:341,1
DA:342,1
DA:343,0
DA:344,0
DA:345,0
DA:346,0
DA:347,0
DA:348,1
DA:349,1
DA:350,1
DA:351,1
DA:352,0
DA:353,0
DA:354,0
DA:355,0
DA:356,0
DA:357,0
DA:358,0
DA:359,0
DA:360,0
DA:361,0
DA:362,1
DA:363,1
DA:364,0
DA:365,0
DA:366,0
DA:367,0
DA:368,0
DA:369,0
DA:370,0
DA:371,0
DA:372,0
DA:373,0
DA:374,1
DA:375,1
DA:376,0
DA:377,0
DA:378,0
DA:379,0
DA:380,0
DA:381,0
DA:382,0
DA:383,0
DA:384,0
DA:385,0
DA:386,1
DA:387,1
DA:388,0
DA:389,0
DA:390,0
DA:391,0
DA:392,0
DA:393,0
DA:394,0
DA:395,0
DA:396,0
DA:397,0
LF:397
LH:83
BRF:0
BRH:0
end_of_record
